This is pTeX, Version 3.1415926-p3.1.11 (utf8.sjis) (Web2C 2009) (format=platex 2009.11.19)  31 OCT 2023 10:43
 restricted \write18 enabled.
 %&-line parsing enabled.
**c:/Users/takeh/Desktop/github/Roomba2023-main/midterm_report/midterm
(c:/Users/takeh/Desktop/github/Roomba2023-main/midterm_report/midterm.tex
pLaTeX2e <2006/11/10>+0 (based on LaTeX2e <2009/09/24> patch level 0)
Babel <v3.8l> and hyphenation patterns for english, usenglishmax, ukenglish, basque, bulgarian, coptic, welsh, czech, slovak, german, ngerman, danish, esperanto, spanish, catalan, galician, estonian, farsi, finnish, french, irish, greek, monogreek, ancientgreek, croatian, hungarian, interlingua, ibycus, bahasa, icelandic, italian, latin, mongolian, dutch, norsk, polish, portuguese, pinyin, romanian, russian, slovenian, samin, uppersorbian, serbian, swedish, turkish, ukrainian, dumylang, nohyphenation, loaded.
(c:/tex/share/texmf/tex/platex/base/jarticle.cls
Document Class: jarticle 2006/06/27 v1.6 Standard pLaTeX class
\c@@paper=\count81
(c:/tex/share/texmf/tex/platex/base/jsize10.clo
File: jsize10.clo 2006/06/27 v1.6 Standard pLaTeX file (size option)
)
\c@part=\count82
\c@section=\count83
\c@subsection=\count84
\c@subsubsection=\count85
\c@paragraph=\count86
\c@subparagraph=\count87
\c@figure=\count88
\c@table=\count89
\abovecaptionskip=\skip41
\belowcaptionskip=\skip42
\symmincho=\mathgroup4
LaTeX Font Info:    Overwriting symbol font `mincho' in version `bold'
(Font)                  JY1/mc/m/n --> JY1/gt/m/n on input line 601.
\toclineskip=\dimen118
\@lnumwidth=\dimen119
\bibindent=\dimen120
\heisei=\count90
) (c:/tex/share/texmf/tex/stylefile/mlstyle2015.sty
\rengoleftmargin=\skip43
\rengorightmargin=\skip44
\rengotopmargin=\skip45
\rengopaperwidth=\skip46
\rengopaperheight=\skip47
\rengofootmargin=\skip48
\c@property=\count91
\c@thm=\count92
\c@lemma=\count93
\c@rem=\count94
\c@proposition=\count95
\c@definition=\count96
\c@corollary=\count97
\c@problem=\count98
\c@assumption=\count99
) (c:/tex/share/texmf/tex/stylefile/eqnarray.sty) (c:/tex/share/texmf/tex/latex/graphics/graphicx.sty
Package: graphicx 1999/02/16 v1.0f Enhanced LaTeX Graphics (DPC,SPQR)
 (c:/tex/share/texmf/tex/latex/graphics/keyval.sty
Package: keyval 1999/03/16 v1.13 key=value parser (DPC)
\KV@toks@=\toks15
) (c:/tex/share/texmf/tex/latex/graphics/graphics.sty
Package: graphics 2009/02/05 v1.0o Standard LaTeX Graphics (DPC,SPQR)
 (c:/tex/share/texmf/tex/latex/graphics/trig.sty
Package: trig 1999/03/16 v1.09 sin cos tan (DPC)
) (c:/tex/share/texmf/tex/latex/config/graphics.cfg)
Package graphics Info: Driver file: dvips.def on input line 91.
 (c:/tex/share/texmf/tex/latex/graphics/dvips.def
File: dvips.def 1999/02/16 v3.0i Driver-dependant file (DPC,SPQR)
))
\Gin@req@height=\dimen121
\Gin@req@width=\dimen122
) (c:/tex/share/texmf/tex/latex/amsfonts/amssymb.sty
Package: amssymb 2009/06/22 v3.00
 (c:/tex/share/texmf/tex/latex/amsfonts/amsfonts.sty
Package: amsfonts 2009/06/22 v3.00 Basic AMSFonts support
\@emptytoks=\toks16
\symAMSa=\mathgroup5
\symAMSb=\mathgroup6
LaTeX Font Info:    Overwriting math alphabet `\mathfrak' in version `bold'
(Font)                  U/euf/m/n --> U/euf/b/n on input line 96.
)) (c:/tex/share/texmf/tex/latex/amslatex/amsmath.sty
Package: amsmath 2000/07/18 v2.13 AMS math features
\@mathmargin=\skip49

For additional information on amsmath, use the `?' option.
(c:/tex/share/texmf/tex/latex/amslatex/amstext.sty
Package: amstext 2000/06/29 v2.01
 (c:/tex/share/texmf/tex/latex/amslatex/amsgen.sty
File: amsgen.sty 1999/11/30 v2.0
\@emptytoks=\toks17
\ex@=\dimen123
)) (c:/tex/share/texmf/tex/latex/amslatex/amsbsy.sty
Package: amsbsy 1999/11/29 v1.2d
\pmbraise@=\dimen124
) (c:/tex/share/texmf/tex/latex/amslatex/amsopn.sty
Package: amsopn 1999/12/14 v2.01 operator names
)
\inf@bad=\count100
LaTeX Info: Redefining \frac on input line 211.
\uproot@=\count101
\leftroot@=\count102
LaTeX Info: Redefining \overline on input line 307.
\classnum@=\count103
\DOTSCASE@=\count104
LaTeX Info: Redefining \ldots on input line 379.
LaTeX Info: Redefining \dots on input line 382.
LaTeX Info: Redefining \cdots on input line 467.
\Mathstrutbox@=\box41
\strutbox@=\box42
\big@size=\dimen125
LaTeX Font Info:    Redeclaring font encoding OML on input line 567.
LaTeX Font Info:    Redeclaring font encoding OMS on input line 568.
\macc@depth=\count105
\c@MaxMatrixCols=\count106
\dotsspace@=\muskip10
\c@parentequation=\count107
\dspbrk@lvl=\count108
\tag@help=\toks18
\row@=\count109
\column@=\count110
\maxfields@=\count111
\andhelp@=\toks19
\eqnshift@=\dimen126
\alignsep@=\dimen127
\tagshift@=\dimen128
\tagwidth@=\dimen129
\totwidth@=\dimen130
\lineht@=\dimen131
\@envbody=\toks20
\multlinegap=\skip50
\multlinetaggap=\skip51
\mathdisplay@stack=\toks21
LaTeX Info: Redefining \[ on input line 2666.
LaTeX Info: Redefining \] on input line 2667.
) (c:/tex/share/texmf/tex/latex/base/latexsym.sty
Package: latexsym 1998/08/17 v2.2e Standard LaTeX package (lasy symbols)
\symlasy=\mathgroup7
LaTeX Font Info:    Overwriting symbol font `lasy' in version `bold'
(Font)                  U/lasy/m/n --> U/lasy/b/n on input line 47.
) (c:/tex/share/texmf/tex/stylefile/stfloats.sty
Package: stfloats 2002/06/11
\@dblbotnum=\count112
\c@dblbotnumber=\count113
) (c:/tex/share/texmf/tex/latex/graphics/color.sty
Package: color 2005/11/14 v1.0j Standard LaTeX Color (DPC)
 (c:/tex/share/texmf/tex/latex/config/color.cfg)
Package color Info: Driver file: dvips.def on input line 130.
 (c:/tex/share/texmf/tex/latex/graphics/dvipsnam.def
File: dvipsnam.def 1999/02/16 v3.0i Driver-dependant file (DPC,SPQR)
)) (c:/tex/share/texmf/tex/platex/base/ascmac.sty (c:/tex/share/texmf/tex/platex/base/tascmac.sty
\@savetbaselineshift=\dimen132
\@saveybaselineshift=\dimen133
\scb@x=\box43
\scscb@x=\box44
\@bw=\dimen134
\@nbox=\box45
\@nbody=\box46
\@scw=\dimen135
\@itemh=\dimen136
\@iboxpos=\toks22
\@iboxstr=\box47
\@bwsp=\box48
\@@bwsp=\box49
\@bcal=\count114
\shaderule=\dimen137
)) (c:/tex/share/texmf/tex/stylefile/listings.sty
\lst@mode=\count115
\lst@gtempboxa=\box50
\lst@token=\toks23
\lst@length=\count116
\lst@currlwidth=\dimen138
\lst@column=\count117
\lst@pos=\count118
\lst@lostspace=\dimen139
\lst@width=\dimen140
\lst@newlines=\count119
\lst@lineno=\count120
\lst@maxwidth=\dimen141
 (c:/tex/share/texmf/tex/stylefile/lstmisc.sty
File: lstmisc.sty 2019/09/10 1.8c (Carsten Heinz)
\c@lstnumber=\count121
\lst@skipnumbers=\count122
\lst@framebox=\box51
))
Package: listings 2019/09/10 1.8c (Carsten Heinz)
 (c:/tex/share/texmf/tex/stylefile/jlisting.sty
Package: jlisting 2006/02/20 0.2 (Thor)
\lst@nextchar=\count123
\lst@inputfile=\read1
) (c:/tex/share/texmf/tex/latex/misc/here.sty) (c:/tex/share/texmf/tex/latex/tools/bm.sty
Package: bm 2004/02/26 v1.1c Bold Symbol Support (DPC/FMi)
\symboldoperators=\mathgroup8
\symboldletters=\mathgroup9
\symboldsymbols=\mathgroup10
\symboldmincho=\mathgroup11
LaTeX Font Info:    Redeclaring math alphabet \mathbf on input line 138.
LaTeX Info: Redefining \bm on input line 204.
) (c:/tex/share/texmf/tex/latex/misc/url.sty
\Urlmuskip=\muskip11
Package: url 2004/03/15  ver 3.1  Verb mode for urls, etc.
)
No file midterm.aux.
\openout1 = `midterm.aux'.

LaTeX Font Info:    Checking defaults for OML/cmm/m/it on input line 33.
LaTeX Font Info:    ... okay on input line 33.
LaTeX Font Info:    Checking defaults for T1/cmr/m/n on input line 33.
LaTeX Font Info:    ... okay on input line 33.
LaTeX Font Info:    Checking defaults for OT1/cmr/m/n on input line 33.
LaTeX Font Info:    ... okay on input line 33.
LaTeX Font Info:    Checking defaults for OMS/cmsy/m/n on input line 33.
LaTeX Font Info:    ... okay on input line 33.
LaTeX Font Info:    Checking defaults for OMX/cmex/m/n on input line 33.
LaTeX Font Info:    ... okay on input line 33.
LaTeX Font Info:    Checking defaults for U/cmr/m/n on input line 33.
LaTeX Font Info:    ... okay on input line 33.
LaTeX Font Info:    Checking defaults for JY1/mc/m/n on input line 33.
LaTeX Font Info:    ... okay on input line 33.
LaTeX Font Info:    Checking defaults for JT1/mc/m/n on input line 33.
LaTeX Font Info:    ... okay on input line 33.
\c@lstlisting=\count124
LaTeX Font Info:    Try loading font information for U+msa on input line 34.
(c:/tex/share/texmf/tex/latex/amsfonts/umsa.fd
File: umsa.fd 2009/06/22 v3.00 AMS symbols A
)
LaTeX Font Info:    Try loading font information for U+msb on input line 34.
 (c:/tex/share/texmf/tex/latex/amsfonts/umsb.fd
File: umsb.fd 2009/06/22 v3.00 AMS symbols B
)
LaTeX Font Info:    Try loading font information for U+lasy on input line 34.
 (c:/tex/share/texmf/tex/latex/base/ulasy.fd
File: ulasy.fd 1998/08/17 v2.2e LaTeX symbol font definitions
)
LaTeX Font Info:    Font shape `JT1/mc/bx/n' in size <14.4> not available
(Font)              Font shape `JT1/gt/m/n' tried instead on input line 36.
LaTeX Font Info:    Font shape `JY1/mc/bx/n' in size <14.4> not available
(Font)              Font shape `JY1/gt/m/n' tried instead on input line 36.
LaTeX Font Info:    Font shape `JT1/mc/bx/n' in size <12> not available
(Font)              Font shape `JT1/gt/m/n' tried instead on input line 41.
LaTeX Font Info:    Font shape `JY1/mc/bx/n' in size <12> not available
(Font)              Font shape `JY1/gt/m/n' tried instead on input line 41.
 [1

] (./midterm.aux)

LaTeX Warning: Label(s) may have changed. Rerun to get cross-references right.

 ) 
Here is how much of TeX's memory you used:
 3252 strings out of 494369
 41778 string characters out of 3170668
 99832 words of memory out of 1500000
 6544 multiletter control sequences out of 15000+200000
 26680 words of font info for 108 fonts, out of 2000000 for 2000
 678 hyphenation exceptions out of 8191
 27i,8n,32p,294b,1072s stack positions out of 3000i,500n,5000p,500000b,5000s

Output written on midterm.dvi (1 page, 1844 bytes).
